[04-Jul-2025 14:14:07 UTC] Invalid product slug provided "surerank", does not match bsf_product_slugs
[04-Jul-2025 14:17:54 UTC] webhook
[04-Jul-2025 14:17:54 UTC] rewrite
[04-Jul-2025 14:17:56 UTC] Array
(
    [wp_latepoint_recurrences] => Created table wp_latepoint_recurrences
)

[04-Jul-2025 14:17:56 UTC] Array
(
    [wp_latepoint_steps] => Created table wp_latepoint_steps
)

[04-Jul-2025 14:17:56 UTC] Array
(
    [wp_latepoint_carts] => Created table wp_latepoint_carts
)

[04-Jul-2025 14:17:56 UTC] Array
(
    [wp_latepoint_cart_items] => Created table wp_latepoint_cart_items
)

[04-Jul-2025 14:17:57 UTC] Array
(
    [wp_latepoint_orders] => Created table wp_latepoint_orders
)

[04-Jul-2025 14:17:57 UTC] Array
(
    [wp_latepoint_order_items] => Created table wp_latepoint_order_items
)

[04-Jul-2025 14:17:57 UTC] Array
(
    [wp_latepoint_order_intents] => Created table wp_latepoint_order_intents
)

[04-Jul-2025 14:17:57 UTC] Array
(
    [wp_latepoint_order_invoices] => Created table wp_latepoint_order_invoices
)

[04-Jul-2025 14:17:57 UTC] Array
(
    [wp_latepoint_payment_requests] => Created table wp_latepoint_payment_requests
)

[04-Jul-2025 14:17:57 UTC] Array
(
    [wp_latepoint_process_jobs] => Created table wp_latepoint_process_jobs
)

[04-Jul-2025 14:17:57 UTC] Array
(
    [wp_latepoint_sessions] => Created table wp_latepoint_sessions
)

[04-Jul-2025 14:17:57 UTC] Array
(
    [wp_latepoint_bookings] => Created table wp_latepoint_bookings
)

[04-Jul-2025 14:17:57 UTC] Array
(
    [wp_latepoint_blocked_periods] => Created table wp_latepoint_blocked_periods
)

[04-Jul-2025 14:17:57 UTC] Array
(
    [wp_latepoint_cart_meta] => Created table wp_latepoint_cart_meta
)

[04-Jul-2025 14:17:58 UTC] Array
(
    [wp_latepoint_order_meta] => Created table wp_latepoint_order_meta
)

[04-Jul-2025 14:17:58 UTC] Array
(
    [wp_latepoint_booking_meta] => Created table wp_latepoint_booking_meta
)

[04-Jul-2025 14:17:58 UTC] Array
(
    [wp_latepoint_processes] => Created table wp_latepoint_processes
)

[04-Jul-2025 14:17:58 UTC] Array
(
    [wp_latepoint_service_meta] => Created table wp_latepoint_service_meta
)

[04-Jul-2025 14:17:58 UTC] Array
(
    [wp_latepoint_customer_meta] => Created table wp_latepoint_customer_meta
)

[04-Jul-2025 14:17:58 UTC] Array
(
    [wp_latepoint_agent_meta] => Created table wp_latepoint_agent_meta
)

[04-Jul-2025 14:17:58 UTC] Array
(
    [wp_latepoint_settings] => Created table wp_latepoint_settings
)

[04-Jul-2025 14:17:58 UTC] Array
(
    [wp_latepoint_locations] => Created table wp_latepoint_locations
)

[04-Jul-2025 14:17:58 UTC] Array
(
    [wp_latepoint_location_categories] => Created table wp_latepoint_location_categories
)

[04-Jul-2025 14:17:58 UTC] Array
(
    [wp_latepoint_bundles] => Created table wp_latepoint_bundles
)

[04-Jul-2025 14:17:58 UTC] Array
(
    [wp_latepoint_bundles_services] => Created table wp_latepoint_bundles_services
)

[04-Jul-2025 14:17:58 UTC] Array
(
    [wp_latepoint_services] => Created table wp_latepoint_services
)

[04-Jul-2025 14:17:58 UTC] Array
(
    [wp_latepoint_agents] => Created table wp_latepoint_agents
)

[04-Jul-2025 14:17:58 UTC] Array
(
    [wp_latepoint_step_settings] => Created table wp_latepoint_step_settings
)

[04-Jul-2025 14:17:58 UTC] Array
(
    [wp_latepoint_customers] => Created table wp_latepoint_customers
)

[04-Jul-2025 14:17:59 UTC] Array
(
    [wp_latepoint_service_categories] => Created table wp_latepoint_service_categories
)

[04-Jul-2025 14:17:59 UTC] Array
(
    [wp_latepoint_custom_prices] => Created table wp_latepoint_custom_prices
)

[04-Jul-2025 14:17:59 UTC] Array
(
    [wp_latepoint_work_periods] => Created table wp_latepoint_work_periods
)

[04-Jul-2025 14:17:59 UTC] Array
(
    [wp_latepoint_agents_services] => Created table wp_latepoint_agents_services
)

[04-Jul-2025 14:17:59 UTC] Array
(
    [wp_latepoint_activities] => Created table wp_latepoint_activities
)

[04-Jul-2025 14:17:59 UTC] Array
(
    [wp_latepoint_transaction_intents] => Created table wp_latepoint_transaction_intents
)

[04-Jul-2025 14:17:59 UTC] Array
(
    [wp_latepoint_transactions] => Created table wp_latepoint_transactions
)

[04-Jul-2025 14:17:59 UTC] Array
(
    [wp_latepoint_transaction_refunds] => Created table wp_latepoint_transaction_refunds
)

[04-Jul-2025 14:17:59 UTC] Array
(
)

[04-Jul-2025 14:17:59 UTC] Array
(
    [wp_latepoint_steps.use_custom_image] => Changed type of wp_latepoint_steps.use_custom_image from tinyint(1) to boolean
)

[04-Jul-2025 14:17:59 UTC] Array
(
)

[04-Jul-2025 14:17:59 UTC] Array
(
)

[04-Jul-2025 14:17:59 UTC] Array
(
)

[04-Jul-2025 14:17:59 UTC] Array
(
)

[04-Jul-2025 14:17:59 UTC] Array
(
)

[04-Jul-2025 14:17:59 UTC] Array
(
)

[04-Jul-2025 14:17:59 UTC] Array
(
)

[04-Jul-2025 14:17:59 UTC] Array
(
)

[04-Jul-2025 14:17:59 UTC] Array
(
)

[04-Jul-2025 14:17:59 UTC] Array
(
)

[04-Jul-2025 14:17:59 UTC] Array
(
)

[04-Jul-2025 14:17:59 UTC] Array
(
)

[04-Jul-2025 14:17:59 UTC] Array
(
)

[04-Jul-2025 14:17:59 UTC] Array
(
)

[04-Jul-2025 14:17:59 UTC] Array
(
)

[04-Jul-2025 14:17:59 UTC] Array
(
)

[04-Jul-2025 14:17:59 UTC] Array
(
)

[04-Jul-2025 14:17:59 UTC] Array
(
)

[04-Jul-2025 14:17:59 UTC] Array
(
)

[04-Jul-2025 14:17:59 UTC] Array
(
)

[04-Jul-2025 14:17:59 UTC] Array
(
)

[04-Jul-2025 14:17:59 UTC] Array
(
)

[04-Jul-2025 14:17:59 UTC] Array
(
)

[04-Jul-2025 14:17:59 UTC] Array
(
    [wp_latepoint_services.is_price_variable] => Changed type of wp_latepoint_services.is_price_variable from tinyint(1) to boolean
    [wp_latepoint_services.is_deposit_required] => Changed type of wp_latepoint_services.is_deposit_required from tinyint(1) to boolean
)

[04-Jul-2025 14:17:59 UTC] Array
(
    [wp_latepoint_agents.custom_hours] => Changed type of wp_latepoint_agents.custom_hours from tinyint(1) to boolean
)

[04-Jul-2025 14:17:59 UTC] Array
(
)

[04-Jul-2025 14:17:59 UTC] Array
(
    [wp_latepoint_customers.is_guest] => Changed type of wp_latepoint_customers.is_guest from tinyint(1) to boolean
)

[04-Jul-2025 14:17:59 UTC] Array
(
)

[04-Jul-2025 14:18:00 UTC] Array
(
    [wp_latepoint_custom_prices.is_price_variable] => Changed type of wp_latepoint_custom_prices.is_price_variable from tinyint(1) to boolean
    [wp_latepoint_custom_prices.is_deposit_required] => Changed type of wp_latepoint_custom_prices.is_deposit_required from tinyint(1) to boolean
)

[04-Jul-2025 14:18:00 UTC] Array
(
)

[04-Jul-2025 14:18:00 UTC] Array
(
    [wp_latepoint_agents_services.is_custom_hours] => Changed type of wp_latepoint_agents_services.is_custom_hours from tinyint(1) to BOOLEAN
    [wp_latepoint_agents_services.is_custom_price] => Changed type of wp_latepoint_agents_services.is_custom_price from tinyint(1) to BOOLEAN
    [wp_latepoint_agents_services.is_custom_duration] => Changed type of wp_latepoint_agents_services.is_custom_duration from tinyint(1) to BOOLEAN
)

[04-Jul-2025 14:18:00 UTC] Array
(
)

[04-Jul-2025 14:18:00 UTC] Array
(
)

[04-Jul-2025 14:18:00 UTC] Array
(
)

[04-Jul-2025 14:18:00 UTC] Array
(
)

[04-Jul-2025 14:19:14 UTC] Invalid product slug provided "wp-live-chat-support", does not match bsf_product_slugs
[04-Jul-2025 14:29:45 UTC] PHP Warning:  Undefined array key "alt" in C:\Users\hp\Local Sites\lionx\app\public\wp-content\plugins\astra-sites\inc\lib\starter-templates-importer\importer\batch\st-replace-blocks-images.php on line 467
[04-Jul-2025 14:29:45 UTC] PHP Warning:  Undefined array key 3 in C:\Users\hp\Local Sites\lionx\app\public\wp-includes\blocks.php on line 1693
[04-Jul-2025 14:29:45 UTC] PHP Warning:  Trying to access array offset on value of type null in C:\Users\hp\Local Sites\lionx\app\public\wp-includes\blocks.php on line 1692
[04-Jul-2025 14:29:45 UTC] PHP Warning:  foreach() argument must be of type array|object, null given in C:\Users\hp\Local Sites\lionx\app\public\wp-includes\blocks.php on line 1692
[04-Jul-2025 14:29:45 UTC] PHP Warning:  Trying to access array offset on value of type null in C:\Users\hp\Local Sites\lionx\app\public\wp-includes\blocks.php on line 1696
[04-Jul-2025 14:29:45 UTC] PHP Warning:  Undefined array key "blockName" in C:\Users\hp\Local Sites\lionx\app\public\wp-includes\blocks.php on line 1701
[04-Jul-2025 14:29:45 UTC] PHP Warning:  Undefined array key 4 in C:\Users\hp\Local Sites\lionx\app\public\wp-includes\blocks.php on line 1693
[04-Jul-2025 14:29:45 UTC] PHP Warning:  Trying to access array offset on value of type null in C:\Users\hp\Local Sites\lionx\app\public\wp-includes\blocks.php on line 1692
[04-Jul-2025 14:29:45 UTC] PHP Warning:  foreach() argument must be of type array|object, null given in C:\Users\hp\Local Sites\lionx\app\public\wp-includes\blocks.php on line 1692
[04-Jul-2025 14:29:45 UTC] PHP Warning:  Trying to access array offset on value of type null in C:\Users\hp\Local Sites\lionx\app\public\wp-includes\blocks.php on line 1696
[04-Jul-2025 14:29:45 UTC] PHP Warning:  Undefined array key "blockName" in C:\Users\hp\Local Sites\lionx\app\public\wp-includes\blocks.php on line 1701
[04-Jul-2025 14:26:33 UTC] Invalid url passed to get_utm_ready_link function
[04-Jul-2025 14:26:33 UTC] Invalid url passed to get_utm_ready_link function
[04-Jul-2025 14:26:58 UTC] Invalid url passed to get_utm_ready_link function
[04-Jul-2025 14:27:01 UTC] Invalid url passed to get_utm_ready_link function
[04-Jul-2025 14:27:01 UTC] Invalid url passed to get_utm_ready_link function
[04-Jul-2025 14:27:01 UTC] Invalid url passed to get_utm_ready_link function
[04-Jul-2025 14:27:01 UTC] Invalid url passed to get_utm_ready_link function
[04-Jul-2025 14:27:10 UTC] Invalid url passed to get_utm_ready_link function
[04-Jul-2025 14:27:10 UTC] Invalid url passed to get_utm_ready_link function
[04-Jul-2025 14:27:10 UTC] Invalid url passed to get_utm_ready_link function
[04-Jul-2025 14:27:10 UTC] Invalid url passed to get_utm_ready_link function
[04-Jul-2025 14:27:15 UTC] Invalid url passed to get_utm_ready_link function
[04-Jul-2025 14:27:15 UTC] Invalid url passed to get_utm_ready_link function
[04-Jul-2025 14:28:10 UTC] Invalid url passed to get_utm_ready_link function
[04-Jul-2025 14:28:10 UTC] Invalid url passed to get_utm_ready_link function
[04-Jul-2025 14:29:10 UTC] Invalid url passed to get_utm_ready_link function
[04-Jul-2025 14:29:10 UTC] Invalid url passed to get_utm_ready_link function
[04-Jul-2025 14:30:10 UTC] Invalid url passed to get_utm_ready_link function
[04-Jul-2025 14:30:10 UTC] Invalid url passed to get_utm_ready_link function
[04-Jul-2025 14:31:10 UTC] Invalid url passed to get_utm_ready_link function
[04-Jul-2025 14:31:10 UTC] Invalid url passed to get_utm_ready_link function
[04-Jul-2025 14:32:10 UTC] Invalid url passed to get_utm_ready_link function
[04-Jul-2025 14:32:10 UTC] Invalid url passed to get_utm_ready_link function
[04-Jul-2025 14:33:10 UTC] Invalid url passed to get_utm_ready_link function
[04-Jul-2025 14:33:10 UTC] Invalid url passed to get_utm_ready_link function
[04-Jul-2025 14:34:10 UTC] Invalid url passed to get_utm_ready_link function
[04-Jul-2025 14:34:10 UTC] Invalid url passed to get_utm_ready_link function
[04-Jul-2025 14:35:10 UTC] Invalid url passed to get_utm_ready_link function
[04-Jul-2025 14:35:10 UTC] Invalid url passed to get_utm_ready_link function
[04-Jul-2025 14:36:10 UTC] Invalid url passed to get_utm_ready_link function
[04-Jul-2025 14:36:10 UTC] Invalid url passed to get_utm_ready_link function
[04-Jul-2025 14:37:10 UTC] Invalid url passed to get_utm_ready_link function
[04-Jul-2025 14:37:10 UTC] Invalid url passed to get_utm_ready_link function
[04-Jul-2025 14:38:10 UTC] Invalid url passed to get_utm_ready_link function
[04-Jul-2025 14:38:10 UTC] Invalid url passed to get_utm_ready_link function
[04-Jul-2025 14:39:10 UTC] Invalid url passed to get_utm_ready_link function
[04-Jul-2025 14:39:10 UTC] Invalid url passed to get_utm_ready_link function
[04-Jul-2025 14:40:10 UTC] Invalid url passed to get_utm_ready_link function
[04-Jul-2025 14:40:10 UTC] Invalid url passed to get_utm_ready_link function
[04-Jul-2025 14:40:11 UTC] Invalid url passed to get_utm_ready_link function
[04-Jul-2025 14:40:11 UTC] Invalid url passed to get_utm_ready_link function
[04-Jul-2025 14:41:10 UTC] Invalid url passed to get_utm_ready_link function
[04-Jul-2025 14:41:10 UTC] Invalid url passed to get_utm_ready_link function
[04-Jul-2025 14:41:11 UTC] Invalid url passed to get_utm_ready_link function
[04-Jul-2025 14:41:11 UTC] Invalid url passed to get_utm_ready_link function
[04-Jul-2025 14:42:10 UTC] Invalid url passed to get_utm_ready_link function
[04-Jul-2025 14:42:10 UTC] Invalid url passed to get_utm_ready_link function
[04-Jul-2025 14:42:11 UTC] Invalid url passed to get_utm_ready_link function
[04-Jul-2025 14:42:11 UTC] Invalid url passed to get_utm_ready_link function
[04-Jul-2025 14:43:10 UTC] Invalid url passed to get_utm_ready_link function
[04-Jul-2025 14:43:10 UTC] Invalid url passed to get_utm_ready_link function
[04-Jul-2025 14:43:11 UTC] Invalid url passed to get_utm_ready_link function
[04-Jul-2025 14:43:11 UTC] Invalid url passed to get_utm_ready_link function
[04-Jul-2025 14:44:10 UTC] Invalid url passed to get_utm_ready_link function
[04-Jul-2025 14:44:10 UTC] Invalid url passed to get_utm_ready_link function
[04-Jul-2025 14:44:11 UTC] Invalid url passed to get_utm_ready_link function
[04-Jul-2025 14:44:11 UTC] Invalid url passed to get_utm_ready_link function
[04-Jul-2025 14:45:10 UTC] Invalid url passed to get_utm_ready_link function
[04-Jul-2025 14:45:10 UTC] Invalid url passed to get_utm_ready_link function
[04-Jul-2025 14:45:11 UTC] Invalid url passed to get_utm_ready_link function
[04-Jul-2025 14:45:11 UTC] Invalid url passed to get_utm_ready_link function
[04-Jul-2025 14:46:10 UTC] Invalid url passed to get_utm_ready_link function
[04-Jul-2025 14:46:10 UTC] Invalid url passed to get_utm_ready_link function
[04-Jul-2025 14:46:11 UTC] Invalid url passed to get_utm_ready_link function
[04-Jul-2025 14:46:11 UTC] Invalid url passed to get_utm_ready_link function
[04-Jul-2025 14:47:11 UTC] Invalid url passed to get_utm_ready_link function
[04-Jul-2025 14:47:11 UTC] Invalid url passed to get_utm_ready_link function
[04-Jul-2025 14:47:12 UTC] Invalid url passed to get_utm_ready_link function
[04-Jul-2025 14:47:12 UTC] Invalid url passed to get_utm_ready_link function
[04-Jul-2025 14:47:17 UTC] Invalid url passed to get_utm_ready_link function
[04-Jul-2025 14:47:17 UTC] Invalid url passed to get_utm_ready_link function
[04-Jul-2025 14:47:17 UTC] Invalid url passed to get_utm_ready_link function
[04-Jul-2025 14:47:17 UTC] Invalid url passed to get_utm_ready_link function
[04-Jul-2025 14:47:17 UTC] Invalid url passed to get_utm_ready_link function
[04-Jul-2025 14:47:17 UTC] Invalid url passed to get_utm_ready_link function
[04-Jul-2025 14:47:17 UTC] Invalid url passed to get_utm_ready_link function
[04-Jul-2025 14:47:17 UTC] Invalid url passed to get_utm_ready_link function
[04-Jul-2025 14:47:17 UTC] Invalid url passed to get_utm_ready_link function
[04-Jul-2025 14:47:21 UTC] Invalid url passed to get_utm_ready_link function
[04-Jul-2025 14:47:21 UTC] Invalid url passed to get_utm_ready_link function
[04-Jul-2025 14:47:21 UTC] Invalid url passed to get_utm_ready_link function
[04-Jul-2025 14:47:21 UTC] Invalid url passed to get_utm_ready_link function
[04-Jul-2025 14:47:21 UTC] Invalid url passed to get_utm_ready_link function
[04-Jul-2025 14:47:21 UTC] Invalid url passed to get_utm_ready_link function
[04-Jul-2025 14:47:21 UTC] Invalid url passed to get_utm_ready_link function
[04-Jul-2025 14:47:21 UTC] Invalid url passed to get_utm_ready_link function
[04-Jul-2025 14:47:21 UTC] Invalid url passed to get_utm_ready_link function
[04-Jul-2025 14:47:21 UTC] Invalid url passed to get_utm_ready_link function
[04-Jul-2025 14:47:22 UTC] Invalid url passed to get_utm_ready_link function
[04-Jul-2025 14:47:22 UTC] Invalid url passed to get_utm_ready_link function
[04-Jul-2025 14:47:22 UTC] Invalid url passed to get_utm_ready_link function
[04-Jul-2025 14:47:22 UTC] Invalid url passed to get_utm_ready_link function
[04-Jul-2025 14:47:22 UTC] Invalid url passed to get_utm_ready_link function
[04-Jul-2025 14:47:22 UTC] Invalid url passed to get_utm_ready_link function
[04-Jul-2025 14:47:22 UTC] Invalid url passed to get_utm_ready_link function
[04-Jul-2025 14:47:24 UTC] Invalid url passed to get_utm_ready_link function
[04-Jul-2025 14:47:24 UTC] Invalid url passed to get_utm_ready_link function
[04-Jul-2025 14:47:24 UTC] Invalid url passed to get_utm_ready_link function
[04-Jul-2025 14:47:24 UTC] Invalid url passed to get_utm_ready_link function
[04-Jul-2025 14:47:24 UTC] Invalid url passed to get_utm_ready_link function
[04-Jul-2025 14:47:24 UTC] Invalid url passed to get_utm_ready_link function
[04-Jul-2025 14:47:24 UTC] Invalid url passed to get_utm_ready_link function
[04-Jul-2025 14:47:24 UTC] Invalid url passed to get_utm_ready_link function
[04-Jul-2025 14:47:24 UTC] Invalid url passed to get_utm_ready_link function
[04-Jul-2025 14:47:24 UTC] Invalid url passed to get_utm_ready_link function
[04-Jul-2025 14:47:24 UTC] Invalid url passed to get_utm_ready_link function
[04-Jul-2025 14:47:30 UTC] Invalid url passed to get_utm_ready_link function
[04-Jul-2025 14:47:30 UTC] Invalid url passed to get_utm_ready_link function
[04-Jul-2025 14:47:30 UTC] Invalid url passed to get_utm_ready_link function
[04-Jul-2025 14:47:30 UTC] Invalid url passed to get_utm_ready_link function
[04-Jul-2025 14:47:32 UTC] Invalid url passed to get_utm_ready_link function
[04-Jul-2025 14:47:32 UTC] Invalid url passed to get_utm_ready_link function
[04-Jul-2025 14:47:32 UTC] Invalid url passed to get_utm_ready_link function
[04-Jul-2025 14:47:32 UTC] Invalid url passed to get_utm_ready_link function
[08-Jul-2025 10:12:15 UTC] Invalid url passed to get_utm_ready_link function
[08-Jul-2025 10:48:31 UTC] WordPress database error You have an error in your SQL syntax; check the manual that corresponds to your MySQL server version for the right syntax to use near ''wp_latepoint_activities' WHERE code = 'booking_created' AND updated_at >= '2025' at line 1 for query SELECT COUNT(*) FROM 'wp_latepoint_activities' WHERE code = 'booking_created' AND updated_at >= '2025-06-08 10:48:31' made by require_once('wp-admin/admin.php'), require_once('wp-load.php'), require_once('wp-config.php'), require_once('wp-settings.php'), do_action('init'), WP_Hook->do_action, WP_Hook->apply_filters, BSF_Analytics->maybe_track_analytics, BSF_Analytics->send, BSF_Analytics_Stats->get_stats, apply_filters('bsf_core_stats'), WP_Hook->apply_filters, Astra_Sites_Analytics->add_astra_sites_analytics_data, Astra_Sites_Analytics::add_plugin_active_analytics, Astra_Sites_Analytics::is_latepoint_booking_managed
[08-Jul-2025 10:59:26 UTC] Invalid url passed to get_utm_ready_link function
[08-Jul-2025 10:59:26 UTC] Invalid url passed to get_utm_ready_link function
[08-Jul-2025 10:59:28 UTC] Invalid url passed to get_utm_ready_link function
[08-Jul-2025 10:59:28 UTC] Invalid url passed to get_utm_ready_link function
[08-Jul-2025 10:59:32 UTC] Invalid url passed to get_utm_ready_link function
[08-Jul-2025 10:59:32 UTC] Invalid url passed to get_utm_ready_link function
[08-Jul-2025 10:59:41 UTC] Invalid url passed to get_utm_ready_link function
[08-Jul-2025 10:59:41 UTC] Invalid url passed to get_utm_ready_link function
[08-Jul-2025 10:59:52 UTC] Invalid url passed to get_utm_ready_link function
[08-Jul-2025 10:59:52 UTC] Invalid url passed to get_utm_ready_link function
[22-Jul-2025 13:24:30 UTC] WordPress database error You have an error in your SQL syntax; check the manual that corresponds to your MySQL server version for the right syntax to use near ''wp_latepoint_activities' WHERE code = 'booking_created' AND updated_at >= '2025' at line 1 for query SELECT COUNT(*) FROM 'wp_latepoint_activities' WHERE code = 'booking_created' AND updated_at >= '2025-06-22 13:24:30' made by require_once('wp-load.php'), require_once('wp-config.php'), require_once('wp-settings.php'), do_action('init'), WP_Hook->do_action, WP_Hook->apply_filters, BSF_Analytics->maybe_track_analytics, BSF_Analytics->send, BSF_Analytics_Stats->get_stats, apply_filters('bsf_core_stats'), WP_Hook->apply_filters, Astra_Sites_Analytics->add_astra_sites_analytics_data, Astra_Sites_Analytics::add_plugin_active_analytics, Astra_Sites_Analytics::is_latepoint_booking_managed
[22-Jul-2025 13:24:30 UTC] WordPress database error You have an error in your SQL syntax; check the manual that corresponds to your MySQL server version for the right syntax to use near ''wp_latepoint_activities' WHERE code = 'booking_created' AND updated_at >= '2025' at line 1 for query SELECT COUNT(*) FROM 'wp_latepoint_activities' WHERE code = 'booking_created' AND updated_at >= '2025-06-22 13:24:30' made by require_once('wp-load.php'), require_once('wp-config.php'), require_once('wp-settings.php'), do_action('init'), WP_Hook->do_action, WP_Hook->apply_filters, BSF_Analytics->maybe_track_analytics, BSF_Analytics->send, BSF_Analytics_Stats->get_stats, apply_filters('bsf_core_stats'), WP_Hook->apply_filters, Astra_Sites_Analytics->add_astra_sites_analytics_data, Astra_Sites_Analytics::add_plugin_active_analytics, Astra_Sites_Analytics::is_latepoint_booking_managed
[22-Jul-2025 14:32:12 UTC] Cron reschedule event error for hook: action_scheduler_run_queue, Error code: could_not_set, Error message: The cron event list could not be saved., Data: {"schedule":"every_minute","args":["WP Cron"],"interval":60}
[22-Jul-2025 14:32:12 UTC] Cron reschedule event error for hook: suretriggers_retry_failed_requests, Error code: could_not_set, Error message: The cron event list could not be saved., Data: {"schedule":"suretriggers_retry_cron_schedule","args":[],"interval":1800}
[24-Jul-2025 14:46:17 UTC] WordPress database error You have an error in your SQL syntax; check the manual that corresponds to your MySQL server version for the right syntax to use near ''wp_latepoint_activities' WHERE code = 'booking_created' AND updated_at >= '2025' at line 1 for query SELECT COUNT(*) FROM 'wp_latepoint_activities' WHERE code = 'booking_created' AND updated_at >= '2025-06-24 14:46:17' made by require('wp-load.php'), require_once('wp-config.php'), require_once('wp-settings.php'), do_action('init'), WP_Hook->do_action, WP_Hook->apply_filters, BSF_Analytics->maybe_track_analytics, BSF_Analytics->send, BSF_Analytics_Stats->get_stats, apply_filters('bsf_core_stats'), WP_Hook->apply_filters, Astra_Sites_Analytics->add_astra_sites_analytics_data, Astra_Sites_Analytics::add_plugin_active_analytics, Astra_Sites_Analytics::is_latepoint_booking_managed
[24-Jul-2025 14:46:17 UTC] WordPress database error You have an error in your SQL syntax; check the manual that corresponds to your MySQL server version for the right syntax to use near ''wp_latepoint_activities' WHERE code = 'booking_created' AND updated_at >= '2025' at line 1 for query SELECT COUNT(*) FROM 'wp_latepoint_activities' WHERE code = 'booking_created' AND updated_at >= '2025-06-24 14:46:17' made by require('wp-load.php'), require_once('wp-config.php'), require_once('wp-settings.php'), do_action('init'), WP_Hook->do_action, WP_Hook->apply_filters, BSF_Analytics->maybe_track_analytics, BSF_Analytics->send, BSF_Analytics_Stats->get_stats, apply_filters('bsf_core_stats'), WP_Hook->apply_filters, Astra_Sites_Analytics->add_astra_sites_analytics_data, Astra_Sites_Analytics::add_plugin_active_analytics, Astra_Sites_Analytics::is_latepoint_booking_managed
[03-Aug-2025 15:07:08 UTC] Invalid url passed to get_utm_ready_link function
[03-Aug-2025 15:07:08 UTC] Invalid url passed to get_utm_ready_link function
[05-Aug-2025 14:43:02 UTC] WordPress database error You have an error in your SQL syntax; check the manual that corresponds to your MySQL server version for the right syntax to use near ''wp_latepoint_activities' WHERE code = 'booking_created' AND updated_at >= '2025' at line 1 for query SELECT COUNT(*) FROM 'wp_latepoint_activities' WHERE code = 'booking_created' AND updated_at >= '2025-07-06 14:43:02' made by require_once('wp-admin/admin.php'), require_once('wp-load.php'), require_once('wp-config.php'), require_once('wp-settings.php'), do_action('init'), WP_Hook->do_action, WP_Hook->apply_filters, BSF_Analytics->maybe_track_analytics, BSF_Analytics->send, BSF_Analytics_Stats->get_stats, apply_filters('bsf_core_stats'), WP_Hook->apply_filters, Astra_Sites_Analytics->add_astra_sites_analytics_data, Astra_Sites_Analytics::add_plugin_active_analytics, Astra_Sites_Analytics::is_latepoint_booking_managed
[13-Aug-2025 14:29:54 UTC] WordPress database error You have an error in your SQL syntax; check the manual that corresponds to your MySQL server version for the right syntax to use near ''wp_latepoint_activities' WHERE code = 'booking_created' AND updated_at >= '2025' at line 1 for query SELECT COUNT(*) FROM 'wp_latepoint_activities' WHERE code = 'booking_created' AND updated_at >= '2025-07-14 14:29:54' made by require_once('wp-admin/admin.php'), require_once('wp-load.php'), require_once('wp-config.php'), require_once('wp-settings.php'), do_action('init'), WP_Hook->do_action, WP_Hook->apply_filters, BSF_Analytics->maybe_track_analytics, BSF_Analytics->send, BSF_Analytics_Stats->get_stats, apply_filters('bsf_core_stats'), WP_Hook->apply_filters, Astra_Sites_Analytics->add_astra_sites_analytics_data, Astra_Sites_Analytics::add_plugin_active_analytics, Astra_Sites_Analytics::is_latepoint_booking_managed
[13-Aug-2025 14:29:54 UTC] WordPress database error You have an error in your SQL syntax; check the manual that corresponds to your MySQL server version for the right syntax to use near ''wp_latepoint_activities' WHERE code = 'booking_created' AND updated_at >= '2025' at line 1 for query SELECT COUNT(*) FROM 'wp_latepoint_activities' WHERE code = 'booking_created' AND updated_at >= '2025-07-14 14:29:54' made by require_once('wp-admin/admin.php'), require_once('wp-load.php'), require_once('wp-config.php'), require_once('wp-settings.php'), do_action('init'), WP_Hook->do_action, WP_Hook->apply_filters, BSF_Analytics->maybe_track_analytics, BSF_Analytics->send, BSF_Analytics_Stats->get_stats, apply_filters('bsf_core_stats'), WP_Hook->apply_filters, Astra_Sites_Analytics->add_astra_sites_analytics_data, Astra_Sites_Analytics::add_plugin_active_analytics, Astra_Sites_Analytics::is_latepoint_booking_managed
[13-Aug-2025 14:30:57 UTC] PHP Warning:  Undefined property: WP_Error::$id in C:\Users\hp\Local Sites\lionx\app\public\wp-content\plugins\surecart\app\src\WordPress\HealthService.php on line 116
[13-Aug-2025 14:30:57 UTC] PHP Warning:  Undefined property: WP_Error::$id in C:\Users\hp\Local Sites\lionx\app\public\wp-content\plugins\surecart\app\src\WordPress\HealthService.php on line 119
[13-Aug-2025 14:30:57 UTC] PHP Warning:  Undefined property: WP_Error::$id in C:\Users\hp\Local Sites\lionx\app\public\wp-content\plugins\surecart\app\src\WordPress\HealthService.php on line 123
